[    9565ms] [LOG] %c
▲

  ________            ___    ____   ________                __
 /_  __/ /_  ___     /   |  /  _/  / ____/ /___  __  ______/ /
  / / / __ \/ _ \   / /| |  / /   / /   / / __ \/ / / / __  /
 / / / / / /  __/  / ___ |_/ /   / /___/ / /_/ / /_/ / /_/ /
/_/ /_/ /_/\___/  /_/  |_/___/   \____/_/\____/\__,_/\__,_/
  

Hello!

- Open Source https://vercel.com/oss
- Careers https://vercel.com/careers
- Status https://vercel-status.com

 font-family: "Geist Mono", monospace; white-space: pre; line-height: 1; @ https://vercel.com/vc-ap-vercel-marketing/_next/static/chunks/14y5myrggaj40.js?dpl=dpl_8g3AinZNkkj68rjoobUQSGMdTGWZ:72
[   15046ms] [ERROR] Connecting to 'https://www.vercel-status.com/api/v2/incidents/unresolved.json' violates the following Content Security Policy directive: "connect-src 'self' data: *.chilipiper.com *.ingest.sentry.io *.ingest.us.sentry.io wss://ws-us3.pusher.com sockjs-use3.pusher.com react-tweet.vercel.app https://*.contentful.com vercel.com *.vercel.com assets.vercel.com *.vercel.sh vercel.live wss://*.vercel.com *.codesandbox.io localhost:* chrome-extension://* https://www.youtube-nocookie.com *.chilipiper.com https://risk.clearbit.com https://react-tweet.vercel.app/* cdp.vercel.com". The action has been blocked. @ https://vercel.com/:79
[   15046ms] [ERROR] Fetch API cannot load https://www.vercel-status.com/api/v2/incidents/unresolved.json. Refused to connect because it violates the document's Content Security Policy. @ https://vercel.com/:79
[   15630ms] [ERROR] Connecting to 'https://unpkg.com/detect-gpu@5.0.37/dist/benchmarks/d-nvidia.json' violates the following Content Security Policy directive: "connect-src 'self' data: *.chilipiper.com *.ingest.sentry.io *.ingest.us.sentry.io wss://ws-us3.pusher.com sockjs-use3.pusher.com react-tweet.vercel.app https://*.contentful.com vercel.com *.vercel.com assets.vercel.com *.vercel.sh vercel.live wss://*.vercel.com *.codesandbox.io localhost:* chrome-extension://* https://www.youtube-nocookie.com *.chilipiper.com https://risk.clearbit.com https://react-tweet.vercel.app/* cdp.vercel.com". The action has been blocked. @ https://vercel.com/:79
[   15630ms] [ERROR] Fetch API cannot load https://unpkg.com/detect-gpu@5.0.37/dist/benchmarks/d-nvidia.json. Refused to connect because it violates the document's Content Security Policy. @ https://vercel.com/:79
[   20489ms] [LOG] %c
▲

__  __                                     _            __
\ \/ /___  __  __   _________ _____       (_)_  _______/ /_
 \  / __ \/ / / /  / ___/ __ `/ __ \     / / / / / ___/ __/
 / / /_/ / /_/ /  / /__/ /_/ / / / /    / / /_/ (__  ) /_
/_/\____/\__,_/   \___/\__,_/_/ /_/  __/ /\__,_/____/\__/
         __    _          __  __    /___/
   _____/ /_  (_)___     / /_/ /_  (_)___  ____ ______
  / ___/ __ \/ / __ \   / __/ __ \/ / __ \/ __ `/ ___/
 (__  ) / / / / /_/ /  / /_/ / / / / / / / /_/ (__  )
/____/_/ /_/_/ .___/   \__/_/ /_/_/_/ /_/\__, /____/
            /_/                         /____/
  

Hello!

- Open Source https://vercel.com/oss
- Careers https://vercel.com/careers
- Status https://vercel-status.com

 font-family: "Geist Mono", monospace; white-space: pre; line-height: 1; @ https://vercel.com/_next/static/chunks/0seo3g25zs2tw.js?dpl=dpl_G9Thi1FwtJcmGAdPEFbp8q6BqbyM:72
[   26218ms] [WARNING] [GSI_LOGGER]: Your client application uses one of the Google One Tap prompt UI status methods that may stop functioning when FedCM becomes mandatory. Refer to the migration guide to update your code accordingly and opt-in to FedCM to test your changes. Learn more: https://developers.google.com/identity/gsi/web/guides/fedcm-migration?s=dc#display_moment and https://developers.google.com/identity/gsi/web/guides/fedcm-migration?s=dc#skipped_moment @ https://accounts.google.com/gsi/client:80
[   26225ms] [ERROR] Not signed in with the identity provider. @ https://vercel.com/login:0
[   29259ms] [WARNING] Deprecated API for given entry type. @ https://vercel.com/_next/static/chunks/3-b4k7y-ur005.js?dpl=dpl_G9Thi1FwtJcmGAdPEFbp8q6BqbyM:18
[   29297ms] [ERROR] Failed to load resource: the server responded with a status of 403 () @ https://vercel.com/api/jwt:0
[   34366ms] [WARNING] The resource https://vercel.com/_next/static/media/adobe-light.406_7oryl71va.svg?dpl=dpl_G9Thi1FwtJcmGAdPEFbp8q6BqbyM was preloaded using link preload but not used within a few seconds from the window's load event. Please make sure it has an appropriate `as` value and it is preloaded intentionally. @ https://vercel.com/login:0
[   34366ms] [WARNING] The resource https://vercel.com/_next/static/chunks/1iy8sjllhh0-p.css?dpl=dpl_G9Thi1FwtJcmGAdPEFbp8q6BqbyM was preloaded using link preload but not used within a few seconds from the window's load event. Please make sure it has an appropriate `as` value and it is preloaded intentionally. @ https://vercel.com/login:0
[   34366ms] [WARNING] The resource https://vercel.com/_next/static/media/ebay-light.3ft_ki8203ov0.svg?dpl=dpl_G9Thi1FwtJcmGAdPEFbp8q6BqbyM was preloaded using link preload but not used within a few seconds from the window's load event. Please make sure it has an appropriate `as` value and it is preloaded intentionally. @ https://vercel.com/login:0
[   34366ms] [WARNING] The resource https://vercel.com/_next/static/media/stripe-dark.16ozjth2vgb_3.svg?dpl=dpl_G9Thi1FwtJcmGAdPEFbp8q6BqbyM was preloaded using link preload but not used within a few seconds from the window's load event. Please make sure it has an appropriate `as` value and it is preloaded intentionally. @ https://vercel.com/login:0
[   34366ms] [WARNING] The resource https://vercel.com/_next/static/media/ebay-dark.34mho2a18qqlt.svg?dpl=dpl_G9Thi1FwtJcmGAdPEFbp8q6BqbyM was preloaded using link preload but not used within a few seconds from the window's load event. Please make sure it has an appropriate `as` value and it is preloaded intentionally. @ https://vercel.com/login:0
[   34366ms] [WARNING] The resource https://vercel.com/_next/static/media/stripe-light.2l_1jctpe6k_4.svg?dpl=dpl_G9Thi1FwtJcmGAdPEFbp8q6BqbyM was preloaded using link preload but not used within a few seconds from the window's load event. Please make sure it has an appropriate `as` value and it is preloaded intentionally. @ https://vercel.com/login:0
[   35421ms] [ERROR] [GSI_LOGGER]: FedCM get() rejects with NetworkError: Error retrieving a token. @ https://vercel.com/_next/static/chunks/1j0tepettqthu.js?dpl=dpl_G9Thi1FwtJcmGAdPEFbp8q6BqbyM:2
[   35654ms] [ERROR] Failed to load resource: the server responded with a status of 429 () @ https://o205439.ingest.sentry.io/api/1323670/envelope/?sentry_key=d00780d432ac4ccf882f60dd02062e14&sentry_version=7&sentry_client=sentry.javascript.browser%2F7.111.0:0
[   38732ms] [WARNING] The resource https://vercel.com/_next/static/media/adobe-light.406_7oryl71va.svg?dpl=dpl_G9Thi1FwtJcmGAdPEFbp8q6BqbyM was preloaded using link preload but not used within a few seconds from the window's load event. Please make sure it has an appropriate `as` value and it is preloaded intentionally. @ https://vercel.com/login:0
[   38732ms] [WARNING] The resource https://vercel.com/_next/static/chunks/1iy8sjllhh0-p.css?dpl=dpl_G9Thi1FwtJcmGAdPEFbp8q6BqbyM was preloaded using link preload but not used within a few seconds from the window's load event. Please make sure it has an appropriate `as` value and it is preloaded intentionally. @ https://vercel.com/login:0
[   38732ms] [WARNING] The resource https://vercel.com/_next/static/media/ebay-light.3ft_ki8203ov0.svg?dpl=dpl_G9Thi1FwtJcmGAdPEFbp8q6BqbyM was preloaded using link preload but not used within a few seconds from the window's load event. Please make sure it has an appropriate `as` value and it is preloaded intentionally. @ https://vercel.com/login:0
[   38732ms] [WARNING] The resource https://vercel.com/_next/static/media/stripe-dark.16ozjth2vgb_3.svg?dpl=dpl_G9Thi1FwtJcmGAdPEFbp8q6BqbyM was preloaded using link preload but not used within a few seconds from the window's load event. Please make sure it has an appropriate `as` value and it is preloaded intentionally. @ https://vercel.com/login:0
[   38732ms] [WARNING] The resource https://vercel.com/_next/static/media/ebay-dark.34mho2a18qqlt.svg?dpl=dpl_G9Thi1FwtJcmGAdPEFbp8q6BqbyM was preloaded using link preload but not used within a few seconds from the window's load event. Please make sure it has an appropriate `as` value and it is preloaded intentionally. @ https://vercel.com/login:0
[   38732ms] [WARNING] The resource https://vercel.com/_next/static/media/stripe-light.2l_1jctpe6k_4.svg?dpl=dpl_G9Thi1FwtJcmGAdPEFbp8q6BqbyM was preloaded using link preload but not used within a few seconds from the window's load event. Please make sure it has an appropriate `as` value and it is preloaded intentionally. @ https://vercel.com/login:0
[   43133ms] [WARNING] The resource https://vercel.com/_next/static/media/adobe-light.406_7oryl71va.svg?dpl=dpl_G9Thi1FwtJcmGAdPEFbp8q6BqbyM was preloaded using link preload but not used within a few seconds from the window's load event. Please make sure it has an appropriate `as` value and it is preloaded intentionally. @ https://vercel.com/login:0
[   43133ms] [WARNING] The resource https://vercel.com/_next/static/chunks/1iy8sjllhh0-p.css?dpl=dpl_G9Thi1FwtJcmGAdPEFbp8q6BqbyM was preloaded using link preload but not used within a few seconds from the window's load event. Please make sure it has an appropriate `as` value and it is preloaded intentionally. @ https://vercel.com/login:0
[   43133ms] [WARNING] The resource https://vercel.com/_next/static/media/ebay-light.3ft_ki8203ov0.svg?dpl=dpl_G9Thi1FwtJcmGAdPEFbp8q6BqbyM was preloaded using link preload but not used within a few seconds from the window's load event. Please make sure it has an appropriate `as` value and it is preloaded intentionally. @ https://vercel.com/login:0
[   43133ms] [WARNING] The resource https://vercel.com/_next/static/media/stripe-dark.16ozjth2vgb_3.svg?dpl=dpl_G9Thi1FwtJcmGAdPEFbp8q6BqbyM was preloaded using link preload but not used within a few seconds from the window's load event. Please make sure it has an appropriate `as` value and it is preloaded intentionally. @ https://vercel.com/login:0
[   43134ms] [WARNING] The resource https://vercel.com/_next/static/media/ebay-dark.34mho2a18qqlt.svg?dpl=dpl_G9Thi1FwtJcmGAdPEFbp8q6BqbyM was preloaded using link preload but not used within a few seconds from the window's load event. Please make sure it has an appropriate `as` value and it is preloaded intentionally. @ https://vercel.com/login:0
[   43134ms] [WARNING] The resource https://vercel.com/_next/static/media/stripe-light.2l_1jctpe6k_4.svg?dpl=dpl_G9Thi1FwtJcmGAdPEFbp8q6BqbyM was preloaded using link preload but not used within a few seconds from the window's load event. Please make sure it has an appropriate `as` value and it is preloaded intentionally. @ https://vercel.com/login:0
