[     115ms] [LOG] [Fast Refresh] rebuilding @ http://localhost:3000/_next/static/chunks/node_modules_next_dist_115brz8._.js:2431
[     124ms] [LOG] [Fast Refresh] done in 111ms @ http://localhost:3000/_next/static/chunks/node_modules_next_dist_115brz8._.js:2431
[     193ms] [INFO] %cDownload the React DevTools for a better development experience: https://react.dev/link/react-devtools font-weight:bold @ http://localhost:3000/_next/static/chunks/node_modules_next_dist_115brz8._.js:2431
[     214ms] [LOG] [HMR] connected @ http://localhost:3000/_next/static/chunks/node_modules_next_dist_115brz8._.js:2431
[   58781ms] [ERROR] Failed to load resource: the server responded with a status of 500 (Internal Server Error) @ http://localhost:3000/api/agent/status?task_id=e74ad08b-6656-46a7-9325-d724f1d4bf9a:0
[   60749ms] [ERROR] Failed to load resource: the server responded with a status of 500 (Internal Server Error) @ http://localhost:3000/api/agent/status?task_id=e74ad08b-6656-46a7-9325-d724f1d4bf9a:0
[   62726ms] [ERROR] Failed to load resource: the server responded with a status of 500 (Internal Server Error) @ http://localhost:3000/api/agent/status?task_id=e74ad08b-6656-46a7-9325-d724f1d4bf9a:0
[   64727ms] [ERROR] Failed to load resource: the server responded with a status of 500 (Internal Server Error) @ http://localhost:3000/api/agent/status?task_id=e74ad08b-6656-46a7-9325-d724f1d4bf9a:0
[   66752ms] [ERROR] Failed to load resource: the server responded with a status of 500 (Internal Server Error) @ http://localhost:3000/api/agent/status?task_id=e74ad08b-6656-46a7-9325-d724f1d4bf9a:0
[   68739ms] [ERROR] Failed to load resource: the server responded with a status of 500 (Internal Server Error) @ http://localhost:3000/api/agent/status?task_id=e74ad08b-6656-46a7-9325-d724f1d4bf9a:0
[   70728ms] [ERROR] Failed to load resource: the server responded with a status of 500 (Internal Server Error) @ http://localhost:3000/api/agent/status?task_id=e74ad08b-6656-46a7-9325-d724f1d4bf9a:0
[   72734ms] [ERROR] Failed to load resource: the server responded with a status of 500 (Internal Server Error) @ http://localhost:3000/api/agent/status?task_id=e74ad08b-6656-46a7-9325-d724f1d4bf9a:0
[   74730ms] [ERROR] Failed to load resource: the server responded with a status of 500 (Internal Server Error) @ http://localhost:3000/api/agent/status?task_id=e74ad08b-6656-46a7-9325-d724f1d4bf9a:0
[   76753ms] [ERROR] Failed to load resource: the server responded with a status of 500 (Internal Server Error) @ http://localhost:3000/api/agent/status?task_id=e74ad08b-6656-46a7-9325-d724f1d4bf9a:0
[   78742ms] [ERROR] Failed to load resource: the server responded with a status of 500 (Internal Server Error) @ http://localhost:3000/api/agent/status?task_id=e74ad08b-6656-46a7-9325-d724f1d4bf9a:0
[   80727ms] [ERROR] Failed to load resource: the server responded with a status of 500 (Internal Server Error) @ http://localhost:3000/api/agent/status?task_id=e74ad08b-6656-46a7-9325-d724f1d4bf9a:0
[   82735ms] [ERROR] Failed to load resource: the server responded with a status of 500 (Internal Server Error) @ http://localhost:3000/api/agent/status?task_id=e74ad08b-6656-46a7-9325-d724f1d4bf9a:0
[   84735ms] [ERROR] Failed to load resource: the server responded with a status of 500 (Internal Server Error) @ http://localhost:3000/api/agent/status?task_id=e74ad08b-6656-46a7-9325-d724f1d4bf9a:0
[   86754ms] [ERROR] Failed to load resource: the server responded with a status of 500 (Internal Server Error) @ http://localhost:3000/api/agent/status?task_id=e74ad08b-6656-46a7-9325-d724f1d4bf9a:0
[   88734ms] [ERROR] Failed to load resource: the server responded with a status of 500 (Internal Server Error) @ http://localhost:3000/api/agent/status?task_id=e74ad08b-6656-46a7-9325-d724f1d4bf9a:0
[   90738ms] [ERROR] Failed to load resource: the server responded with a status of 500 (Internal Server Error) @ http://localhost:3000/api/agent/status?task_id=e74ad08b-6656-46a7-9325-d724f1d4bf9a:0
[   92736ms] [ERROR] Failed to load resource: the server responded with a status of 500 (Internal Server Error) @ http://localhost:3000/api/agent/status?task_id=e74ad08b-6656-46a7-9325-d724f1d4bf9a:0
[   94731ms] [ERROR] Failed to load resource: the server responded with a status of 500 (Internal Server Error) @ http://localhost:3000/api/agent/status?task_id=e74ad08b-6656-46a7-9325-d724f1d4bf9a:0
[   96733ms] [ERROR] Failed to load resource: the server responded with a status of 500 (Internal Server Error) @ http://localhost:3000/api/agent/status?task_id=e74ad08b-6656-46a7-9325-d724f1d4bf9a:0
[   98731ms] [ERROR] Failed to load resource: the server responded with a status of 500 (Internal Server Error) @ http://localhost:3000/api/agent/status?task_id=e74ad08b-6656-46a7-9325-d724f1d4bf9a:0
[  100736ms] [ERROR] Failed to load resource: the server responded with a status of 500 (Internal Server Error) @ http://localhost:3000/api/agent/status?task_id=e74ad08b-6656-46a7-9325-d724f1d4bf9a:0
[  102731ms] [ERROR] Failed to load resource: the server responded with a status of 500 (Internal Server Error) @ http://localhost:3000/api/agent/status?task_id=e74ad08b-6656-46a7-9325-d724f1d4bf9a:0
[  104725ms] [ERROR] Failed to load resource: the server responded with a status of 500 (Internal Server Error) @ http://localhost:3000/api/agent/status?task_id=e74ad08b-6656-46a7-9325-d724f1d4bf9a:0
[  106734ms] [ERROR] Failed to load resource: the server responded with a status of 500 (Internal Server Error) @ http://localhost:3000/api/agent/status?task_id=e74ad08b-6656-46a7-9325-d724f1d4bf9a:0
[  108724ms] [ERROR] Failed to load resource: the server responded with a status of 500 (Internal Server Error) @ http://localhost:3000/api/agent/status?task_id=e74ad08b-6656-46a7-9325-d724f1d4bf9a:0
[  110723ms] [ERROR] Failed to load resource: the server responded with a status of 500 (Internal Server Error) @ http://localhost:3000/api/agent/status?task_id=e74ad08b-6656-46a7-9325-d724f1d4bf9a:0
[  112749ms] [ERROR] Failed to load resource: the server responded with a status of 500 (Internal Server Error) @ http://localhost:3000/api/agent/status?task_id=e74ad08b-6656-46a7-9325-d724f1d4bf9a:0
[  114741ms] [ERROR] Failed to load resource: the server responded with a status of 500 (Internal Server Error) @ http://localhost:3000/api/agent/status?task_id=e74ad08b-6656-46a7-9325-d724f1d4bf9a:0
[  116725ms] [ERROR] Failed to load resource: the server responded with a status of 500 (Internal Server Error) @ http://localhost:3000/api/agent/status?task_id=e74ad08b-6656-46a7-9325-d724f1d4bf9a:0
[  118741ms] [ERROR] Failed to load resource: the server responded with a status of 500 (Internal Server Error) @ http://localhost:3000/api/agent/status?task_id=e74ad08b-6656-46a7-9325-d724f1d4bf9a:0
[  120752ms] [ERROR] Failed to load resource: the server responded with a status of 500 (Internal Server Error) @ http://localhost:3000/api/agent/status?task_id=e74ad08b-6656-46a7-9325-d724f1d4bf9a:0
[  122732ms] [ERROR] Failed to load resource: the server responded with a status of 500 (Internal Server Error) @ http://localhost:3000/api/agent/status?task_id=e74ad08b-6656-46a7-9325-d724f1d4bf9a:0
[  124751ms] [ERROR] Failed to load resource: the server responded with a status of 500 (Internal Server Error) @ http://localhost:3000/api/agent/status?task_id=e74ad08b-6656-46a7-9325-d724f1d4bf9a:0
[  126769ms] [ERROR] Failed to load resource: the server responded with a status of 500 (Internal Server Error) @ http://localhost:3000/api/agent/status?task_id=e74ad08b-6656-46a7-9325-d724f1d4bf9a:0
[  128732ms] [ERROR] Failed to load resource: the server responded with a status of 500 (Internal Server Error) @ http://localhost:3000/api/agent/status?task_id=e74ad08b-6656-46a7-9325-d724f1d4bf9a:0
[  130727ms] [ERROR] Failed to load resource: the server responded with a status of 500 (Internal Server Error) @ http://localhost:3000/api/agent/status?task_id=e74ad08b-6656-46a7-9325-d724f1d4bf9a:0
[  132744ms] [ERROR] Failed to load resource: the server responded with a status of 500 (Internal Server Error) @ http://localhost:3000/api/agent/status?task_id=e74ad08b-6656-46a7-9325-d724f1d4bf9a:0
[  134736ms] [ERROR] Failed to load resource: the server responded with a status of 500 (Internal Server Error) @ http://localhost:3000/api/agent/status?task_id=e74ad08b-6656-46a7-9325-d724f1d4bf9a:0
[  136723ms] [ERROR] Failed to load resource: the server responded with a status of 500 (Internal Server Error) @ http://localhost:3000/api/agent/status?task_id=e74ad08b-6656-46a7-9325-d724f1d4bf9a:0
[  138735ms] [ERROR] Failed to load resource: the server responded with a status of 500 (Internal Server Error) @ http://localhost:3000/api/agent/status?task_id=e74ad08b-6656-46a7-9325-d724f1d4bf9a:0
[  140728ms] [ERROR] Failed to load resource: the server responded with a status of 500 (Internal Server Error) @ http://localhost:3000/api/agent/status?task_id=e74ad08b-6656-46a7-9325-d724f1d4bf9a:0
[  142728ms] [ERROR] Failed to load resource: the server responded with a status of 500 (Internal Server Error) @ http://localhost:3000/api/agent/status?task_id=e74ad08b-6656-46a7-9325-d724f1d4bf9a:0
[  144737ms] [ERROR] Failed to load resource: the server responded with a status of 500 (Internal Server Error) @ http://localhost:3000/api/agent/status?task_id=e74ad08b-6656-46a7-9325-d724f1d4bf9a:0
[  146724ms] [ERROR] Failed to load resource: the server responded with a status of 500 (Internal Server Error) @ http://localhost:3000/api/agent/status?task_id=e74ad08b-6656-46a7-9325-d724f1d4bf9a:0
[  148739ms] [ERROR] Failed to load resource: the server responded with a status of 500 (Internal Server Error) @ http://localhost:3000/api/agent/status?task_id=e74ad08b-6656-46a7-9325-d724f1d4bf9a:0
[  150730ms] [ERROR] Failed to load resource: the server responded with a status of 500 (Internal Server Error) @ http://localhost:3000/api/agent/status?task_id=e74ad08b-6656-46a7-9325-d724f1d4bf9a:0
[  152726ms] [ERROR] Failed to load resource: the server responded with a status of 500 (Internal Server Error) @ http://localhost:3000/api/agent/status?task_id=e74ad08b-6656-46a7-9325-d724f1d4bf9a:0
[  154724ms] [ERROR] Failed to load resource: the server responded with a status of 500 (Internal Server Error) @ http://localhost:3000/api/agent/status?task_id=e74ad08b-6656-46a7-9325-d724f1d4bf9a:0
[  156727ms] [ERROR] Failed to load resource: the server responded with a status of 500 (Internal Server Error) @ http://localhost:3000/api/agent/status?task_id=e74ad08b-6656-46a7-9325-d724f1d4bf9a:0
[  158736ms] [ERROR] Failed to load resource: the server responded with a status of 500 (Internal Server Error) @ http://localhost:3000/api/agent/status?task_id=e74ad08b-6656-46a7-9325-d724f1d4bf9a:0
[  160730ms] [ERROR] Failed to load resource: the server responded with a status of 500 (Internal Server Error) @ http://localhost:3000/api/agent/status?task_id=e74ad08b-6656-46a7-9325-d724f1d4bf9a:0
[  162726ms] [ERROR] Failed to load resource: the server responded with a status of 500 (Internal Server Error) @ http://localhost:3000/api/agent/status?task_id=e74ad08b-6656-46a7-9325-d724f1d4bf9a:0
[  164733ms] [ERROR] Failed to load resource: the server responded with a status of 500 (Internal Server Error) @ http://localhost:3000/api/agent/status?task_id=e74ad08b-6656-46a7-9325-d724f1d4bf9a:0
[  166741ms] [ERROR] Failed to load resource: the server responded with a status of 500 (Internal Server Error) @ http://localhost:3000/api/agent/status?task_id=e74ad08b-6656-46a7-9325-d724f1d4bf9a:0
[  168736ms] [ERROR] Failed to load resource: the server responded with a status of 500 (Internal Server Error) @ http://localhost:3000/api/agent/status?task_id=e74ad08b-6656-46a7-9325-d724f1d4bf9a:0
[  170737ms] [ERROR] Failed to load resource: the server responded with a status of 500 (Internal Server Error) @ http://localhost:3000/api/agent/status?task_id=e74ad08b-6656-46a7-9325-d724f1d4bf9a:0
[  172757ms] [ERROR] Failed to load resource: the server responded with a status of 500 (Internal Server Error) @ http://localhost:3000/api/agent/status?task_id=e74ad08b-6656-46a7-9325-d724f1d4bf9a:0
[  174760ms] [ERROR] Failed to load resource: the server responded with a status of 500 (Internal Server Error) @ http://localhost:3000/api/agent/status?task_id=e74ad08b-6656-46a7-9325-d724f1d4bf9a:0
[  176726ms] [ERROR] Failed to load resource: the server responded with a status of 500 (Internal Server Error) @ http://localhost:3000/api/agent/status?task_id=e74ad08b-6656-46a7-9325-d724f1d4bf9a:0
[  178758ms] [ERROR] Failed to load resource: the server responded with a status of 500 (Internal Server Error) @ http://localhost:3000/api/agent/status?task_id=e74ad08b-6656-46a7-9325-d724f1d4bf9a:0
[  180728ms] [ERROR] Failed to load resource: the server responded with a status of 500 (Internal Server Error) @ http://localhost:3000/api/agent/status?task_id=e74ad08b-6656-46a7-9325-d724f1d4bf9a:0
[  182820ms] [ERROR] Failed to load resource: the server responded with a status of 500 (Internal Server Error) @ http://localhost:3000/api/agent/status?task_id=e74ad08b-6656-46a7-9325-d724f1d4bf9a:0
[  184724ms] [ERROR] Failed to load resource: the server responded with a status of 500 (Internal Server Error) @ http://localhost:3000/api/agent/status?task_id=e74ad08b-6656-46a7-9325-d724f1d4bf9a:0
[  186729ms] [ERROR] Failed to load resource: the server responded with a status of 500 (Internal Server Error) @ http://localhost:3000/api/agent/status?task_id=e74ad08b-6656-46a7-9325-d724f1d4bf9a:0
[  188737ms] [ERROR] Failed to load resource: the server responded with a status of 500 (Internal Server Error) @ http://localhost:3000/api/agent/status?task_id=e74ad08b-6656-46a7-9325-d724f1d4bf9a:0
[  190731ms] [ERROR] Failed to load resource: the server responded with a status of 500 (Internal Server Error) @ http://localhost:3000/api/agent/status?task_id=e74ad08b-6656-46a7-9325-d724f1d4bf9a:0
[  192728ms] [ERROR] Failed to load resource: the server responded with a status of 500 (Internal Server Error) @ http://localhost:3000/api/agent/status?task_id=e74ad08b-6656-46a7-9325-d724f1d4bf9a:0
[  194736ms] [ERROR] Failed to load resource: the server responded with a status of 500 (Internal Server Error) @ http://localhost:3000/api/agent/status?task_id=e74ad08b-6656-46a7-9325-d724f1d4bf9a:0
[  196772ms] [ERROR] Failed to load resource: the server responded with a status of 500 (Internal Server Error) @ http://localhost:3000/api/agent/status?task_id=e74ad08b-6656-46a7-9325-d724f1d4bf9a:0
[  198736ms] [ERROR] Failed to load resource: the server responded with a status of 500 (Internal Server Error) @ http://localhost:3000/api/agent/status?task_id=e74ad08b-6656-46a7-9325-d724f1d4bf9a:0
[  200727ms] [ERROR] Failed to load resource: the server responded with a status of 500 (Internal Server Error) @ http://localhost:3000/api/agent/status?task_id=e74ad08b-6656-46a7-9325-d724f1d4bf9a:0
[  202724ms] [ERROR] Failed to load resource: the server responded with a status of 500 (Internal Server Error) @ http://localhost:3000/api/agent/status?task_id=e74ad08b-6656-46a7-9325-d724f1d4bf9a:0
[  204737ms] [ERROR] Failed to load resource: the server responded with a status of 500 (Internal Server Error) @ http://localhost:3000/api/agent/status?task_id=e74ad08b-6656-46a7-9325-d724f1d4bf9a:0
[  206736ms] [ERROR] Failed to load resource: the server responded with a status of 500 (Internal Server Error) @ http://localhost:3000/api/agent/status?task_id=e74ad08b-6656-46a7-9325-d724f1d4bf9a:0
[  208728ms] [ERROR] Failed to load resource: the server responded with a status of 500 (Internal Server Error) @ http://localhost:3000/api/agent/status?task_id=e74ad08b-6656-46a7-9325-d724f1d4bf9a:0
[  210737ms] [ERROR] Failed to load resource: the server responded with a status of 500 (Internal Server Error) @ http://localhost:3000/api/agent/status?task_id=e74ad08b-6656-46a7-9325-d724f1d4bf9a:0
[  212737ms] [ERROR] Failed to load resource: the server responded with a status of 500 (Internal Server Error) @ http://localhost:3000/api/agent/status?task_id=e74ad08b-6656-46a7-9325-d724f1d4bf9a:0
[  214735ms] [ERROR] Failed to load resource: the server responded with a status of 500 (Internal Server Error) @ http://localhost:3000/api/agent/status?task_id=e74ad08b-6656-46a7-9325-d724f1d4bf9a:0
